[INFO  - 2018-08-24T13:00:16.215Z] GhostDriver - Main - running on port 52144
[INFO  - 2018-08-24T13:00:18.272Z] Session [a6a9cc90-a79d-11e8-bfe7-25fe0dbf3fb6] - page.settings - {"XSSAuditingEnabled":false,"javascriptCanCloseWindows":true,"javascriptCanOpenWindows":true,"javascriptEnabled":true,"loadImages":true,"localToRemoteUrlAccessEnabled":false,"userAgent":"Mozilla/5.0 (Windows NT 6.2; WOW64) AppleWebKit/538.1 (KHTML, like Gecko) PhantomJS/2.1.1 Safari/538.1","webSecurityEnabled":true}
[INFO  - 2018-08-24T13:00:18.272Z] Session [a6a9cc90-a79d-11e8-bfe7-25fe0dbf3fb6] - page.customHeaders:  - {}
[INFO  - 2018-08-24T13:00:18.272Z] Session [a6a9cc90-a79d-11e8-bfe7-25fe0dbf3fb6] - Session.negotiatedCapabilities - {"browserName":"phantomjs","version":"2.1.1","driverName":"ghostdriver","driverVersion":"1.2.0","platform":"windows-10-32bit","javascriptEnabled":true,"takesScreenshot":true,"handlesAlerts":false,"databaseEnabled":false,"locationContextEnabled":false,"applicationCacheEnabled":false,"browserConnectionEnabled":false,"cssSelectorsEnabled":true,"webStorageEnabled":false,"rotatable":false,"acceptSslCerts":false,"nativeEvents":true,"proxy":{"proxyType":"direct"}}
[INFO  - 2018-08-24T13:00:18.272Z] SessionManagerReqHand - _postNewSessionCommand - New Session Created: a6a9cc90-a79d-11e8-bfe7-25fe0dbf3fb6
[ERROR - 2018-08-24T13:00:35.362Z] Session [a6a9cc90-a79d-11e8-bfe7-25fe0dbf3fb6] - page.onError - msg: RangeError: Maximum call stack size exceeded.

  phantomjs://platform/console++.js:263 in error
[ERROR - 2018-08-24T13:00:35.363Z] Session [a6a9cc90-a79d-11e8-bfe7-25fe0dbf3fb6] - page.onError - stack:
  type (https://cdn.inspectlet.com/inspectlet.js:3)
  fn (https://cdn.inspectlet.com/inspectlet.js:3)
  fn (https://cdn.inspectlet.com/inspectlet.js:3)
  fn (https://cdn.inspectlet.com/inspectlet.js:3)
  fn (https://cdn.inspectlet.com/inspectlet.js:3)
  fn (https://cdn.inspectlet.com/inspectlet.js:3)
  fn (https://cdn.inspectlet.com/inspectlet.js:3)
  fn (https://cdn.inspectlet.com/inspectlet.js:3)
  fn (https://cdn.inspectlet.com/inspectlet.js:3)
  fn (https://cdn.inspectlet.com/inspectlet.js:3)
  fn (https://cdn.inspectlet.com/inspectlet.js:3)
  fn (https://cdn.inspectlet.com/inspectlet.js:3)
  fn (https://cdn.inspectlet.com/inspectlet.js:3)
  fn (https://cdn.inspectlet.com/inspectlet.js:3)
  fn (https://cdn.inspectlet.com/inspectlet.js:3)
  fn (https://cdn.inspectlet.com/inspectlet.js:3)
  fn (https://cdn.inspectlet.com/inspectlet.js:3)
  fn (https://cdn.inspectlet.com/inspectlet.js:3)
  fn (https://cdn.inspectlet.com/inspectlet.js:3)
  fn (https://cdn.inspectlet.com/inspectlet.js:3)
  fn (https://cdn.inspectlet.com/inspectlet.js:3)
  fn (https://cdn.inspectlet.com/inspectlet.js:3)
  fn (https://cdn.inspectlet.com/inspectlet.js:3)
  fn (https://cdn.inspectlet.com/inspectlet.js:3)
  fn (https://cdn.inspectlet.com/inspectlet.js:3)
  fn (https://cdn.inspectlet.com/inspectlet.js:3)
  fn (https://cdn.inspectlet.com/inspectlet.js:3)
  fn (https://cdn.inspectlet.com/inspectlet.js:3)
  fn (https://cdn.inspectlet.com/inspectlet.js:3)
  fn (https://cdn.inspectlet.com/inspectlet.js:3)
  fn (https://cdn.inspectlet.com/inspectlet.js:3)
  fn (https://cdn.inspectlet.com/inspectlet.js:3)
  fn (https://cdn.inspectlet.com/inspectlet.js:3)
  fn (https://cdn.inspectlet.com/inspectlet.js:3)
  fn (https://cdn.inspectlet.com/inspectlet.js:3)
  fn (https://cdn.inspectlet.com/inspectlet.js:3)
  fn (https://cdn.inspectlet.com/inspectlet.js:3)
  fn (https://cdn.inspectlet.com/inspectlet.js:3)
  fn (https://cdn.inspectlet.com/inspectlet.js:3)
  fn (https://cdn.inspectlet.com/inspectlet.js:3)
  fn (https://cdn.inspectlet.com/inspectlet.js:3)
  fn (https://cdn.inspectlet.com/inspectlet.js:3)
  fn (https://cdn.inspectlet.com/inspectlet.js:3)
  fn (https://cdn.inspectlet.com/inspectlet.js:3)
  fn (https://cdn.inspectlet.com/inspectlet.js:3)
  fn (https://cdn.inspectlet.com/inspectlet.js:3)
  fn (https://cdn.inspectlet.com/inspectlet.js:3)
  fn (https://cdn.inspectlet.com/inspectlet.js:3)
  fn (https://cdn.inspectlet.com/inspectlet.js:3)
  fn (https://cdn.inspectlet.com/inspectlet.js:3)
  fn (https://cdn.inspectlet.com/inspectlet.js:3)
  fn (https://cdn.inspectlet.com/inspectlet.js:3)
  fn (https://cdn.inspectlet.com/inspectlet.js:3)
  fn (https://cdn.inspectlet.com/inspectlet.js:3)
  fn (https://cdn.inspectlet.com/inspectlet.js:3)
  fn (https://cdn.inspectlet.com/inspectlet.js:3)
  fn (https://cdn.inspectlet.com/inspectlet.js:3)
  fn (https://cdn.inspectlet.com/inspectlet.js:3)
  fn (https://cdn.inspectlet.com/inspectlet.js:3)
  fn (https://cdn.inspectlet.com/inspectlet.js:3)
  fn (https://cdn.inspectlet.com/inspectlet.js:3)
  fn (https://cdn.inspectlet.com/inspectlet.js:3)
  fn (https://cdn.inspectlet.com/inspectlet.js:3)
  fn (https://cdn.inspectlet.com/inspectlet.js:3)
  fn (https://cdn.inspectlet.com/inspectlet.js:3)
  fn (https://cdn.inspectlet.com/inspectlet.js:3)
  fn (https://cdn.inspectlet.com/inspectlet.js:3)
  fn (https://cdn.inspectlet.com/inspectlet.js:3)
  fn (https://cdn.inspectlet.com/inspectlet.js:3)
  fn (https://cdn.inspectlet.com/inspectlet.js:3)
  fn (https://cdn.inspectlet.com/inspectlet.js:3)
  fn (https://cdn.inspectlet.com/inspectlet.js:3)
  fn (https://cdn.inspectlet.com/inspectlet.js:3)
  fn (https://cdn.inspectlet.com/inspectlet.js:3)
  fn (https://cdn.inspectlet.com/inspectlet.js:3)
  fn (https://cdn.inspectlet.com/inspectlet.js:3)
  fn (https://cdn.inspectlet.com/inspectlet.js:3)
  fn (https://cdn.inspectlet.com/inspectlet.js:3)
  fn (https://cdn.inspectlet.com/inspectlet.js:3)
  fn (https://cdn.inspectlet.com/inspectlet.js:3)
  fn (https://cdn.inspectlet.com/inspectlet.js:3)
  fn (https://cdn.inspectlet.com/inspectlet.js:3)
  fn (https://cdn.inspectlet.com/inspectlet.js:3)
  fn (https://cdn.inspectlet.com/inspectlet.js:3)
  fn (https://cdn.inspectlet.com/inspectlet.js:3)
  fn (https://cdn.inspectlet.com/inspectlet.js:3)
  fn (https://cdn.inspectlet.com/inspectlet.js:3)
  fn (https://cdn.inspectlet.com/inspectlet.js:3)
  fn (https://cdn.inspectlet.com/inspectlet.js:3)
  fn (https://cdn.inspectlet.com/inspectlet.js:3)
  fn (https://cdn.inspectlet.com/inspectlet.js:3)
  fn (https://cdn.inspectlet.com/inspectlet.js:3)
  fn (https://cdn.inspectlet.com/inspectlet.js:3)
  fn (https://cdn.inspectlet.com/inspectlet.js:3)
  fn (https://cdn.inspectlet.com/inspectlet.js:3)
  fn (https://cdn.inspectlet.com/inspectlet.js:3)
  fn (https://cdn.inspectlet.com/inspectlet.js:3)
  fn (https://cdn.inspectlet.com/inspectlet.js:3)
  fn (https://cdn.inspectlet.com/inspectlet.js:3)
  fn (https://cdn.inspectlet.com/inspectlet.js:3)
  fn (https://cdn.inspectlet.com/inspectlet.js:3)
  fn (https://cdn.inspectlet.com/inspectlet.js:3)
  fn (https://cdn.inspectlet.com/inspectlet.js:3)
  fn (https://cdn.inspectlet.com/inspectlet.js:3)
  fn (https://cdn.inspectlet.com/inspectlet.js:3)
  fn (https://cdn.inspectlet.com/inspectlet.js:3)
  fn (https://cdn.inspectlet.com/inspectlet.js:3)
  fn (https://cdn.inspectlet.com/inspectlet.js:3)
  fn (https://cdn.inspectlet.com/inspectlet.js:3)
  fn (https://cdn.inspectlet.com/inspectlet.js:3)
  fn (https://cdn.inspectlet.com/inspectlet.js:3)
  fn (https://cdn.inspectlet.com/inspectlet.js:3)
  fn (https://cdn.inspectlet.com/inspectlet.js:3)
  fn (https://cdn.inspectlet.com/inspectlet.js:3)
  fn (https://cdn.inspectlet.com/inspectlet.js:3)
  fn (https://cdn.inspectlet.com/inspectlet.js:3)
  fn (https://cdn.inspectlet.com/inspectlet.js:3)
  fn (https://cdn.inspectlet.com/inspectlet.js:3)
  fn (https://cdn.inspectlet.com/inspectlet.js:3)
  fn (https://cdn.inspectlet.com/inspectlet.js:3)
  fn (https://cdn.inspectlet.com/inspectlet.js:3)
  fn (https://cdn.inspectlet.com/inspectlet.js:3)
  fn (https://cdn.inspectlet.com/inspectlet.js:3)
  fn (https://cdn.inspectlet.com/inspectlet.js:3)
  fn (https://cdn.inspectlet.com/inspectlet.js:3)
  fn (https://cdn.inspectlet.com/inspectlet.js:3)
  fn (https://cdn.inspectlet.com/inspectlet.js:3)
  fn (https://cdn.inspectlet.com/inspectlet.js:3)
  fn (https://cdn.inspectlet.com/inspectlet.js:3)
  fn (https://cdn.inspectlet.com/inspectlet.js:3)
  fn (https://cdn.inspectlet.com/inspectlet.js:3)
  fn (https://cdn.inspectlet.com/inspectlet.js:3)
  fn (https://cdn.inspectlet.com/inspectlet.js:3)
  fn (https://cdn.inspectlet.com/inspectlet.js:3)
  fn (https://cdn.inspectlet.com/inspectlet.js:3)
  fn (https://cdn.inspectlet.com/inspectlet.js:3)
  fn (https://cdn.inspectlet.com/inspectlet.js:3)
  fn (https://cdn.inspectlet.com/inspectlet.js:3)
  fn (https://cdn.inspectlet.com/inspectlet.js:3)
  fn (https://cdn.inspectlet.com/inspectlet.js:3)
  fn (https://cdn.inspectlet.com/inspectlet.js:3)
  fn (https://cdn.inspectlet.com/inspectlet.js:3)
  fn (https://cdn.inspectlet.com/inspectlet.js:3)
  fn (https://cdn.inspectlet.com/inspectlet.js:3)
  fn (https://cdn.inspectlet.com/inspectlet.js:3)
  fn (https://cdn.inspectlet.com/inspectlet.js:3)
  fn (https://cdn.inspectlet.com/inspectlet.js:3)
  fn (https://cdn.inspectlet.com/inspectlet.js:3)
  fn (https://cdn.inspectlet.com/inspectlet.js:3)
  fn (https://cdn.inspectlet.com/inspectlet.js:3)
  fn (https://cdn.inspectlet.com/inspectlet.js:3)
  fn (https://cdn.inspectlet.com/inspectlet.js:3)
  fn (https://cdn.inspectlet.com/inspectlet.js:3)
  fn (https://cdn.inspectlet.com/inspectlet.js:3)
  fn (https://cdn.inspectlet.com/inspectlet.js:3)
  fn (https://cdn.inspectlet.com/inspectlet.js:3)
  fn (https://cdn.inspectlet.com/inspectlet.js:3)
  fn (https://cdn.inspectlet.com/inspectlet.js:3)
  fn (https://cdn.inspectlet.com/inspectlet.js:3)
  fn (https://cdn.inspectlet.com/inspectlet.js:3)
  fn (https://cdn.inspectlet.com/inspectlet.js:3)
  fn (https://cdn.inspectlet.com/inspectlet.js:3)
  fn (https://cdn.inspectlet.com/inspectlet.js:3)
  fn (https://cdn.inspectlet.com/inspectlet.js:3)
  fn (https://cdn.inspectlet.com/inspectlet.js:3)
  fn (https://cdn.inspectlet.com/inspectlet.js:3)
  fn (https://cdn.inspectlet.com/inspectlet.js:3)
  fn (https://cdn.inspectlet.com/inspectlet.js:3)
  fn (https://cdn.inspectlet.com/inspectlet.js:3)
  fn (https://cdn.inspectlet.com/inspectlet.js:3)
  fn (https://cdn.inspectlet.com/inspectlet.js:3)
  fn (https://cdn.inspectlet.com/inspectlet.js:3)
  fn (https://cdn.inspectlet.com/inspectlet.js:3)
  fn (https://cdn.inspectlet.com/inspectlet.js:3)
  fn (https://cdn.inspectlet.com/inspectlet.js:3)
  fn (https://cdn.inspectlet.com/inspectlet.js:3)
  fn (https://cdn.inspectlet.com/inspectlet.js:3)
  fn (https://cdn.inspectlet.com/inspectlet.js:3)
  fn (https://cdn.inspectlet.com/inspectlet.js:3)
  fn (https://cdn.inspectlet.com/inspectlet.js:3)
  fn (https://cdn.inspectlet.com/inspectlet.js:3)
  fn (https://cdn.inspectlet.com/inspectlet.js:3)
  fn (https://cdn.inspectlet.com/inspectlet.js:3)
  fn (https://cdn.inspectlet.com/inspectlet.js:3)
  fn (https://cdn.inspectlet.com/inspectlet.js:3)
  fn (https://cdn.inspectlet.com/inspectlet.js:3)
  fn (https://cdn.inspectlet.com/inspectlet.js:3)
  fn (https://cdn.inspectlet.com/inspectlet.js:3)
  fn (https://cdn.inspectlet.com/inspectlet.js:3)
  fn (https://cdn.inspectlet.com/inspectlet.js:3)
  fn (https://cdn.inspectlet.com/inspectlet.js:3)
  fn (https://cdn.inspectlet.com/inspectlet.js:3)
  fn (https://cdn.inspectlet.com/inspectlet.js:3)
  fn (https://cdn.inspectlet.com/inspectlet.js:3)
  fn (https://cdn.inspectlet.com/inspectlet.js:3)
  fn (https://cdn.inspectlet.com/inspectlet.js:3)
  fn (https://cdn.inspectlet.com/inspectlet.js:3)
  fn (https://cdn.inspectlet.com/inspectlet.js:3)
  fn (https://cdn.inspectlet.com/inspectlet.js:3)
  fn (https://cdn.inspectlet.com/inspectlet.js:3)

  phantomjs://platform/console++.js:263 in error
