[INFO  - 2018-08-23T17:10:08.360Z] GhostDriver - Main - running on port 64005
[INFO  - 2018-08-23T17:10:10.529Z] Session [6454eba0-a6f7-11e8-ab2c-012306564e8f] - page.settings - {"XSSAuditingEnabled":false,"javascriptCanCloseWindows":true,"javascriptCanOpenWindows":true,"javascriptEnabled":true,"loadImages":true,"localToRemoteUrlAccessEnabled":false,"userAgent":"Mozilla/5.0 (Windows NT 6.2; WOW64) AppleWebKit/538.1 (KHTML, like Gecko) PhantomJS/2.1.1 Safari/538.1","webSecurityEnabled":true}
[INFO  - 2018-08-23T17:10:10.529Z] Session [6454eba0-a6f7-11e8-ab2c-012306564e8f] - page.customHeaders:  - {}
[INFO  - 2018-08-23T17:10:10.529Z] Session [6454eba0-a6f7-11e8-ab2c-012306564e8f] - Session.negotiatedCapabilities - {"browserName":"phantomjs","version":"2.1.1","driverName":"ghostdriver","driverVersion":"1.2.0","platform":"windows-10-32bit","javascriptEnabled":true,"takesScreenshot":true,"handlesAlerts":false,"databaseEnabled":false,"locationContextEnabled":false,"applicationCacheEnabled":false,"browserConnectionEnabled":false,"cssSelectorsEnabled":true,"webStorageEnabled":false,"rotatable":false,"acceptSslCerts":false,"nativeEvents":true,"proxy":{"proxyType":"direct"}}
[INFO  - 2018-08-23T17:10:10.529Z] SessionManagerReqHand - _postNewSessionCommand - New Session Created: 6454eba0-a6f7-11e8-ab2c-012306564e8f
[ERROR - 2018-08-23T17:10:24.444Z] Session [6454eba0-a6f7-11e8-ab2c-012306564e8f] - page.onError - msg: RangeError: Maximum call stack size exceeded.

  phantomjs://platform/console++.js:263 in error
[ERROR - 2018-08-23T17:10:24.445Z] Session [6454eba0-a6f7-11e8-ab2c-012306564e8f] - page.onError - stack:
  type (https://cdn.inspectlet.com/inspectlet.js:3)
  fn (https://cdn.inspectlet.com/inspectlet.js:3)
  fn (https://cdn.inspectlet.com/inspectlet.js:3)
  fn (https://cdn.inspectlet.com/inspectlet.js:3)
  fn (https://cdn.inspectlet.com/inspectlet.js:3)
  fn (https://cdn.inspectlet.com/inspectlet.js:3)
  fn (https://cdn.inspectlet.com/inspectlet.js:3)
  fn (https://cdn.inspectlet.com/inspectlet.js:3)
  fn (https://cdn.inspectlet.com/inspectlet.js:3)
  fn (https://cdn.inspectlet.com/inspectlet.js:3)
  fn (https://cdn.inspectlet.com/inspectlet.js:3)
  fn (https://cdn.inspectlet.com/inspectlet.js:3)
  fn (https://cdn.inspectlet.com/inspectlet.js:3)
  fn (https://cdn.inspectlet.com/inspectlet.js:3)
  fn (https://cdn.inspectlet.com/inspectlet.js:3)
  fn (https://cdn.inspectlet.com/inspectlet.js:3)
  fn (https://cdn.inspectlet.com/inspectlet.js:3)
  fn (https://cdn.inspectlet.com/inspectlet.js:3)
  fn (https://cdn.inspectlet.com/inspectlet.js:3)
  fn (https://cdn.inspectlet.com/inspectlet.js:3)
  fn (https://cdn.inspectlet.com/inspectlet.js:3)
  fn (https://cdn.inspectlet.com/inspectlet.js:3)
  fn (https://cdn.inspectlet.com/inspectlet.js:3)
  fn (https://cdn.inspectlet.com/inspectlet.js:3)
  fn (https://cdn.inspectlet.com/inspectlet.js:3)
  fn (https://cdn.inspectlet.com/inspectlet.js:3)
  fn (https://cdn.inspectlet.com/inspectlet.js:3)
  fn (https://cdn.inspectlet.com/inspectlet.js:3)
  fn (https://cdn.inspectlet.com/inspectlet.js:3)
  fn (https://cdn.inspectlet.com/inspectlet.js:3)
  fn (https://cdn.inspectlet.com/inspectlet.js:3)
  fn (https://cdn.inspectlet.com/inspectlet.js:3)
  fn (https://cdn.inspectlet.com/inspectlet.js:3)
  fn (https://cdn.inspectlet.com/inspectlet.js:3)
  fn (https://cdn.inspectlet.com/inspectlet.js:3)
  fn (https://cdn.inspectlet.com/inspectlet.js:3)
  fn (https://cdn.inspectlet.com/inspectlet.js:3)
  fn (https://cdn.inspectlet.com/inspectlet.js:3)
  fn (https://cdn.inspectlet.com/inspectlet.js:3)
  fn (https://cdn.inspectlet.com/inspectlet.js:3)
  fn (https://cdn.inspectlet.com/inspectlet.js:3)
  fn (https://cdn.inspectlet.com/inspectlet.js:3)
  fn (https://cdn.inspectlet.com/inspectlet.js:3)
  fn (https://cdn.inspectlet.com/inspectlet.js:3)
  fn (https://cdn.inspectlet.com/inspectlet.js:3)
  fn (https://cdn.inspectlet.com/inspectlet.js:3)
  fn (https://cdn.inspectlet.com/inspectlet.js:3)
  fn (https://cdn.inspectlet.com/inspectlet.js:3)
  fn (https://cdn.inspectlet.com/inspectlet.js:3)
  fn (https://cdn.inspectlet.com/inspectlet.js:3)
  fn (https://cdn.inspectlet.com/inspectlet.js:3)
  fn (https://cdn.inspectlet.com/inspectlet.js:3)
  fn (https://cdn.inspectlet.com/inspectlet.js:3)
  fn (https://cdn.inspectlet.com/inspectlet.js:3)
  fn (https://cdn.inspectlet.com/inspectlet.js:3)
  fn (https://cdn.inspectlet.com/inspectlet.js:3)
  fn (https://cdn.inspectlet.com/inspectlet.js:3)
  fn (https://cdn.inspectlet.com/inspectlet.js:3)
  fn (https://cdn.inspectlet.com/inspectlet.js:3)
  fn (https://cdn.inspectlet.com/inspectlet.js:3)
  fn (https://cdn.inspectlet.com/inspectlet.js:3)
  fn (https://cdn.inspectlet.com/inspectlet.js:3)
  fn (https://cdn.inspectlet.com/inspectlet.js:3)
  fn (https://cdn.inspectlet.com/inspectlet.js:3)
  fn (https://cdn.inspectlet.com/inspectlet.js:3)
  fn (https://cdn.inspectlet.com/inspectlet.js:3)
  fn (https://cdn.inspectlet.com/inspectlet.js:3)
  fn (https://cdn.inspectlet.com/inspectlet.js:3)
  fn (https://cdn.inspectlet.com/inspectlet.js:3)
  fn (https://cdn.inspectlet.com/inspectlet.js:3)
  fn (https://cdn.inspectlet.com/inspectlet.js:3)
  fn (https://cdn.inspectlet.com/inspectlet.js:3)
  fn (https://cdn.inspectlet.com/inspectlet.js:3)
  fn (https://cdn.inspectlet.com/inspectlet.js:3)
  fn (https://cdn.inspectlet.com/inspectlet.js:3)
  fn (https://cdn.inspectlet.com/inspectlet.js:3)
  fn (https://cdn.inspectlet.com/inspectlet.js:3)
  fn (https://cdn.inspectlet.com/inspectlet.js:3)
  fn (https://cdn.inspectlet.com/inspectlet.js:3)
  fn (https://cdn.inspectlet.com/inspectlet.js:3)
  fn (https://cdn.inspectlet.com/inspectlet.js:3)
  fn (https://cdn.inspectlet.com/inspectlet.js:3)
  fn (https://cdn.inspectlet.com/inspectlet.js:3)
  fn (https://cdn.inspectlet.com/inspectlet.js:3)
  fn (https://cdn.inspectlet.com/inspectlet.js:3)
  fn (https://cdn.inspectlet.com/inspectlet.js:3)
  fn (https://cdn.inspectlet.com/inspectlet.js:3)
  fn (https://cdn.inspectlet.com/inspectlet.js:3)
  fn (https://cdn.inspectlet.com/inspectlet.js:3)
  fn (https://cdn.inspectlet.com/inspectlet.js:3)
  fn (https://cdn.inspectlet.com/inspectlet.js:3)
  fn (https://cdn.inspectlet.com/inspectlet.js:3)
  fn (https://cdn.inspectlet.com/inspectlet.js:3)
  fn (https://cdn.inspectlet.com/inspectlet.js:3)
  fn (https://cdn.inspectlet.com/inspectlet.js:3)
  fn (https://cdn.inspectlet.com/inspectlet.js:3)
  fn (https://cdn.inspectlet.com/inspectlet.js:3)
  fn (https://cdn.inspectlet.com/inspectlet.js:3)
  fn (https://cdn.inspectlet.com/inspectlet.js:3)
  fn (https://cdn.inspectlet.com/inspectlet.js:3)
  fn (https://cdn.inspectlet.com/inspectlet.js:3)
  fn (https://cdn.inspectlet.com/inspectlet.js:3)
  fn (https://cdn.inspectlet.com/inspectlet.js:3)
  fn (https://cdn.inspectlet.com/inspectlet.js:3)
  fn (https://cdn.inspectlet.com/inspectlet.js:3)
  fn (https://cdn.inspectlet.com/inspectlet.js:3)
  fn (https://cdn.inspectlet.com/inspectlet.js:3)
  fn (https://cdn.inspectlet.com/inspectlet.js:3)
  fn (https://cdn.inspectlet.com/inspectlet.js:3)
  fn (https://cdn.inspectlet.com/inspectlet.js:3)
  fn (https://cdn.inspectlet.com/inspectlet.js:3)
  fn (https://cdn.inspectlet.com/inspectlet.js:3)
  fn (https://cdn.inspectlet.com/inspectlet.js:3)
  fn (https://cdn.inspectlet.com/inspectlet.js:3)
  fn (https://cdn.inspectlet.com/inspectlet.js:3)
  fn (https://cdn.inspectlet.com/inspectlet.js:3)
  fn (https://cdn.inspectlet.com/inspectlet.js:3)
  fn (https://cdn.inspectlet.com/inspectlet.js:3)
  fn (https://cdn.inspectlet.com/inspectlet.js:3)
  fn (https://cdn.inspectlet.com/inspectlet.js:3)
  fn (https://cdn.inspectlet.com/inspectlet.js:3)
  fn (https://cdn.inspectlet.com/inspectlet.js:3)
  fn (https://cdn.inspectlet.com/inspectlet.js:3)
  fn (https://cdn.inspectlet.com/inspectlet.js:3)
  fn (https://cdn.inspectlet.com/inspectlet.js:3)
  fn (https://cdn.inspectlet.com/inspectlet.js:3)
  fn (https://cdn.inspectlet.com/inspectlet.js:3)
  fn (https://cdn.inspectlet.com/inspectlet.js:3)
  fn (https://cdn.inspectlet.com/inspectlet.js:3)
  fn (https://cdn.inspectlet.com/inspectlet.js:3)
  fn (https://cdn.inspectlet.com/inspectlet.js:3)
  fn (https://cdn.inspectlet.com/inspectlet.js:3)
  fn (https://cdn.inspectlet.com/inspectlet.js:3)
  fn (https://cdn.inspectlet.com/inspectlet.js:3)
  fn (https://cdn.inspectlet.com/inspectlet.js:3)
  fn (https://cdn.inspectlet.com/inspectlet.js:3)
  fn (https://cdn.inspectlet.com/inspectlet.js:3)
  fn (https://cdn.inspectlet.com/inspectlet.js:3)
  fn (https://cdn.inspectlet.com/inspectlet.js:3)
  fn (https://cdn.inspectlet.com/inspectlet.js:3)
  fn (https://cdn.inspectlet.com/inspectlet.js:3)
  fn (https://cdn.inspectlet.com/inspectlet.js:3)
  fn (https://cdn.inspectlet.com/inspectlet.js:3)
  fn (https://cdn.inspectlet.com/inspectlet.js:3)
  fn (https://cdn.inspectlet.com/inspectlet.js:3)
  fn (https://cdn.inspectlet.com/inspectlet.js:3)
  fn (https://cdn.inspectlet.com/inspectlet.js:3)
  fn (https://cdn.inspectlet.com/inspectlet.js:3)
  fn (https://cdn.inspectlet.com/inspectlet.js:3)
  fn (https://cdn.inspectlet.com/inspectlet.js:3)
  fn (https://cdn.inspectlet.com/inspectlet.js:3)
  fn (https://cdn.inspectlet.com/inspectlet.js:3)
  fn (https://cdn.inspectlet.com/inspectlet.js:3)
  fn (https://cdn.inspectlet.com/inspectlet.js:3)
  fn (https://cdn.inspectlet.com/inspectlet.js:3)
  fn (https://cdn.inspectlet.com/inspectlet.js:3)
  fn (https://cdn.inspectlet.com/inspectlet.js:3)
  fn (https://cdn.inspectlet.com/inspectlet.js:3)
  fn (https://cdn.inspectlet.com/inspectlet.js:3)
  fn (https://cdn.inspectlet.com/inspectlet.js:3)
  fn (https://cdn.inspectlet.com/inspectlet.js:3)
  fn (https://cdn.inspectlet.com/inspectlet.js:3)
  fn (https://cdn.inspectlet.com/inspectlet.js:3)
  fn (https://cdn.inspectlet.com/inspectlet.js:3)
  fn (https://cdn.inspectlet.com/inspectlet.js:3)
  fn (https://cdn.inspectlet.com/inspectlet.js:3)
  fn (https://cdn.inspectlet.com/inspectlet.js:3)
  fn (https://cdn.inspectlet.com/inspectlet.js:3)
  fn (https://cdn.inspectlet.com/inspectlet.js:3)
  fn (https://cdn.inspectlet.com/inspectlet.js:3)
  fn (https://cdn.inspectlet.com/inspectlet.js:3)
  fn (https://cdn.inspectlet.com/inspectlet.js:3)
  fn (https://cdn.inspectlet.com/inspectlet.js:3)
  fn (https://cdn.inspectlet.com/inspectlet.js:3)
  fn (https://cdn.inspectlet.com/inspectlet.js:3)
  fn (https://cdn.inspectlet.com/inspectlet.js:3)
  fn (https://cdn.inspectlet.com/inspectlet.js:3)
  fn (https://cdn.inspectlet.com/inspectlet.js:3)
  fn (https://cdn.inspectlet.com/inspectlet.js:3)
  fn (https://cdn.inspectlet.com/inspectlet.js:3)
  fn (https://cdn.inspectlet.com/inspectlet.js:3)
  fn (https://cdn.inspectlet.com/inspectlet.js:3)
  fn (https://cdn.inspectlet.com/inspectlet.js:3)
  fn (https://cdn.inspectlet.com/inspectlet.js:3)
  fn (https://cdn.inspectlet.com/inspectlet.js:3)
  fn (https://cdn.inspectlet.com/inspectlet.js:3)
  fn (https://cdn.inspectlet.com/inspectlet.js:3)
  fn (https://cdn.inspectlet.com/inspectlet.js:3)
  fn (https://cdn.inspectlet.com/inspectlet.js:3)
  fn (https://cdn.inspectlet.com/inspectlet.js:3)
  fn (https://cdn.inspectlet.com/inspectlet.js:3)
  fn (https://cdn.inspectlet.com/inspectlet.js:3)
  fn (https://cdn.inspectlet.com/inspectlet.js:3)
  fn (https://cdn.inspectlet.com/inspectlet.js:3)
  fn (https://cdn.inspectlet.com/inspectlet.js:3)
  fn (https://cdn.inspectlet.com/inspectlet.js:3)
  fn (https://cdn.inspectlet.com/inspectlet.js:3)
  fn (https://cdn.inspectlet.com/inspectlet.js:3)
  fn (https://cdn.inspectlet.com/inspectlet.js:3)
  fn (https://cdn.inspectlet.com/inspectlet.js:3)

  phantomjs://platform/console++.js:263 in error
